c:\users\itc\desktop\project_cplusplus\project_cplusplus\debug\vc141.pdb
c:\users\itc\desktop\project_cplusplus\project_cplusplus\debug\vc141.idb
c:\users\itc\desktop\project_cplusplus\project_cplusplus\debug\main.obj
c:\users\itc\desktop\project_cplusplus\project_cplusplus\debug\form.obj
c:\users\itc\desktop\project_cplusplus\project_cplusplus\debug\address.obj
c:\users\itc\desktop\project_cplusplus\project_cplusplus\debug\product.obj
c:\users\itc\desktop\project_cplusplus\project_cplusplus\debug\user.obj
c:\users\itc\desktop\project_cplusplus\project_cplusplus\debug\system.obj
c:\users\itc\desktop\project_cplusplus\project_cplusplus\debug\order.obj
c:\users\itc\desktop\project_cplusplus\project_cplusplus\debug\feedback.obj
c:\users\itc\desktop\project_cplusplus\project_cplusplus\debug\validate.obj
c:\users\itc\desktop\project_cplusplus\project_cplusplus\debug\seller.obj
c:\users\itc\desktop\project_cplusplus\project_cplusplus\debug\date.obj
c:\users\itc\desktop\project_cplusplus\project_cplusplus\debug\buyer.obj
c:\users\itc\desktop\lior\לימודים\project_cplusplus\project_cplusplus\debug\vc141.pdb
c:\users\itc\desktop\lior\לימודים\project_cplusplus\project_cplusplus\debug\vc141.idb
c:\users\itc\desktop\lior\לימודים\project_cplusplus\project_cplusplus\debug\user.obj
c:\users\itc\desktop\lior\לימודים\project_cplusplus\project_cplusplus\debug\main.obj
c:\users\itc\desktop\lior\לימודים\project_cplusplus\project_cplusplus\debug\date.obj
c:\users\itc\desktop\lior\לימודים\project_cplusplus\project_cplusplus\debug\buyer.obj
c:\users\itc\desktop\lior\לימודים\project_cplusplus\project_cplusplus\debug\address.obj
c:\users\itc\desktop\project_cplusplus\debug\project_cplusplus.exe
c:\users\itc\desktop\project_cplusplus\debug\project_cplusplus.ilk
c:\users\itc\desktop\project_cplusplus\debug\project_cplusplus.pdb
c:\users\itc\desktop\lior\לימודים\project_cplusplus\project_cplusplus\debug\feedback.obj
c:\users\itc\desktop\lior\לימודים\project_cplusplus\project_cplusplus\debug\form.obj
c:\users\itc\desktop\lior\לימודים\project_cplusplus\project_cplusplus\debug\order.obj
c:\users\itc\desktop\lior\לימודים\project_cplusplus\project_cplusplus\debug\product.obj
c:\users\itc\desktop\lior\לימודים\project_cplusplus\project_cplusplus\debug\seller.obj
c:\users\itc\desktop\lior\לימודים\project_cplusplus\project_cplusplus\debug\system.obj
c:\users\itc\desktop\lior\לימודים\project_cplusplus\project_cplusplus\debug\validate.obj
c:\users\itc\desktop\lior\לימודים\project_cplusplus\project_cplusplus\debug\form.obj.enc
c:\users\itc\desktop\lior\לימודים\project_cplusplus\project_cplusplus\debug\product.obj.enc
c:\users\itc\desktop\lior\לימודים\project_cplusplus\project_cplusplus\debug\seller.obj.enc
c:\users\itc\desktop\lior\לימודים\project_cplusplus\debug\project_cplusplus.pdb
c:\users\itc\desktop\lior\לימודים\project_cplusplus\debug\project_cplusplus.exe
c:\users\itc\desktop\lior\לימודים\project_cplusplus\debug\project_cplusplus.ilk
c:\users\itc\desktop\lior\לימודים\project_cplusplus\project_cplusplus\debug\project_.90211ed6.tlog\cl.command.1.tlog
c:\users\itc\desktop\lior\לימודים\project_cplusplus\project_cplusplus\debug\project_.90211ed6.tlog\cl.read.1.tlog
c:\users\itc\desktop\lior\לימודים\project_cplusplus\project_cplusplus\debug\project_.90211ed6.tlog\cl.write.1.tlog
c:\users\itc\desktop\lior\לימודים\project_cplusplus\project_cplusplus\debug\project_.90211ed6.tlog\link.command.1.tlog
c:\users\itc\desktop\lior\לימודים\project_cplusplus\project_cplusplus\debug\project_.90211ed6.tlog\link.read.1.tlog
c:\users\itc\desktop\lior\לימודים\project_cplusplus\project_cplusplus\debug\project_.90211ed6.tlog\link.write.1.tlog
